{"D:\\Telerik-HW\\JavaScript-HW-2017\\5_NodeJS\\Demo-6July-Structure\\data\\base\\base.data.js":{"path":"D:\\Telerik-HW\\JavaScript-HW-2017\\5_NodeJS\\Demo-6July-Structure\\data\\base\\base.data.js","s":{"1":2,"2":2,"3":2,"4":2,"5":2,"6":2,"7":2,"8":2,"9":2,"10":1,"11":1,"12":4,"13":2,"14":0,"15":0,"16":0,"17":0,"18":0,"19":2,"20":1},"b":{"1":[1,1],"2":[0,0]},"f":{"1":2,"2":2,"3":0,"4":0,"5":2},"fnMap":{"1":{"name":"(anonymous_1)","line":2,"loc":{"start":{"line":2,"column":15},"end":{"line":2,"column":43}}},"2":{"name":"(anonymous_2)","line":9,"loc":{"start":{"line":9,"column":10},"end":{"line":9,"column":13}}},"3":{"name":"(anonymous_3)","line":30,"loc":{"start":{"line":30,"column":10},"end":{"line":30,"column":18}}},"4":{"name":"(anonymous_4)","line":40,"loc":{"start":{"line":40,"column":17},"end":{"line":40,"column":25}}},"5":{"name":"(anonymous_5)","line":44,"loc":{"start":{"line":44,"column":22},"end":{"line":44,"column":25}}}},"statementMap":{"1":{"start":{"line":3,"column":8},"end":{"line":3,"column":21}},"2":{"start":{"line":4,"column":8},"end":{"line":4,"column":37}},"3":{"start":{"line":5,"column":8},"end":{"line":5,"column":35}},"4":{"start":{"line":6,"column":8},"end":{"line":6,"column":56}},"5":{"start":{"line":7,"column":8},"end":{"line":7,"column":66}},"6":{"start":{"line":10,"column":8},"end":{"line":10,"column":26}},"7":{"start":{"line":11,"column":8},"end":{"line":11,"column":27}},"8":{"start":{"line":12,"column":8},"end":{"line":14,"column":23}},"9":{"start":{"line":18,"column":8},"end":{"line":24,"column":9}},"10":{"start":{"line":19,"column":12},"end":{"line":23,"column":15}},"11":{"start":{"line":20,"column":16},"end":{"line":22,"column":45}},"12":{"start":{"line":21,"column":36},"end":{"line":22,"column":43}},"13":{"start":{"line":25,"column":8},"end":{"line":25,"column":22}},"14":{"start":{"line":32,"column":8},"end":{"line":34,"column":9}},"15":{"start":{"line":33,"column":12},"end":{"line":33,"column":51}},"16":{"start":{"line":36,"column":8},"end":{"line":37,"column":60}},"17":{"start":{"line":37,"column":24},"end":{"line":37,"column":58}},"18":{"start":{"line":41,"column":8},"end":{"line":41,"column":45}},"19":{"start":{"line":45,"column":8},"end":{"line":45,"column":56}},"20":{"start":{"line":49,"column":0},"end":{"line":49,"column":26}}},"branchMap":{"1":{"line":18,"type":"if","locations":[{"start":{"line":18,"column":8},"end":{"line":18,"column":8}},{"start":{"line":18,"column":8},"end":{"line":18,"column":8}}]},"2":{"line":32,"type":"if","locations":[{"start":{"line":32,"column":8},"end":{"line":32,"column":8}},{"start":{"line":32,"column":8},"end":{"line":32,"column":8}}]}}}}