{
"D:\\Telerik-HW\\JavaScript-HW-2017\\5_NodeJS\\Demo-6July-Structure\\server.js":{"path":"D:\\Telerik-HW\\JavaScript-HW-2017\\5_NodeJS\\Demo-6July-Structure\\server.js","s":{"1":0,"2":0,"3":0,"4":0,"5":0,"6":0,"7":0,"8":0,"9":0},"b":{},"f":{},"fnMap":{},"statementMap":{"1":{"start":{"line":12,"column":0},"end":{"line":14,"column":2}},"2":{"start":{"line":13,"column":4},"end":{"line":13,"column":29}},"3":{"start":{"line":16,"column":0},"end":{"line":16,"column":35}},"4":{"start":{"line":18,"column":0},"end":{"line":24,"column":7}},"5":{"start":{"line":18,"column":19},"end":{"line":18,"column":64}},"6":{"start":{"line":19,"column":18},"end":{"line":19,"column":44}},"7":{"start":{"line":20,"column":20},"end":{"line":20,"column":47}},"8":{"start":{"line":22,"column":8},"end":{"line":23,"column":62}},"9":{"start":{"line":23,"column":18},"end":{"line":23,"column":60}}},"branchMap":{},"l":{"12":0,"13":0,"16":0,"18":0,"19":0,"20":0,"22":0,"23":0}},
"D:\\Telerik-HW\\JavaScript-HW-2017\\5_NodeJS\\Demo-6July-Structure\\app\\app.js":{"path":"D:\\Telerik-HW\\JavaScript-HW-2017\\5_NodeJS\\Demo-6July-Structure\\app\\app.js","s":{"1":0,"2":0,"3":0,"4":0,"5":0,"6":0,"7":0,"8":0,"9":0,"10":0,"11":0,"12":0,"13":0,"14":0,"15":0,"16":0,"17":0,"18":0,"19":0,"20":0},"b":{},"f":{},"fnMap":{},"statementMap":{"1":{"start":{"line":2,"column":0},"end":{"line":2,"column":29}},"2":{"start":{"line":3,"column":0},"end":{"line":3,"column":35}},"3":{"start":{"line":4,"column":0},"end":{"line":4,"column":42}},"4":{"start":{"line":5,"column":0},"end":{"line":5,"column":46}},"5":{"start":{"line":6,"column":0},"end":{"line":6,"column":43}},"6":{"start":{"line":8,"column":0},"end":{"line":33,"column":2}},"7":{"start":{"line":9,"column":4},"end":{"line":9,"column":26}},"8":{"start":{"line":12,"column":4},"end":{"line":12,"column":34}},"9":{"start":{"line":13,"column":4},"end":{"line":13,"column":31}},"10":{"start":{"line":14,"column":4},"end":{"line":14,"column":55}},"11":{"start":{"line":16,"column":4},"end":{"line":16,"column":79}},"12":{"start":{"line":17,"column":4},"end":{"line":17,"column":42}},"13":{"start":{"line":18,"column":4},"end":{"line":21,"column":8}},"14":{"start":{"line":23,"column":4},"end":{"line":23,"column":40}},"15":{"start":{"line":24,"column":4},"end":{"line":27,"column":7}},"16":{"start":{"line":25,"column":8},"end":{"line":25,"column":68}},"17":{"start":{"line":26,"column":8},"end":{"line":26,"column":15}},"18":{"start":{"line":30,"column":4},"end":{"line":30,"column":45}},"19":{"start":{"line":32,"column":4},"end":{"line":32,"column":32}},"20":{"start":{"line":36,"column":0},"end":{"line":38,"column":2}}},"branchMap":{},"l":{"2":0,"3":0,"4":0,"5":0,"6":0,"8":0,"9":0,"12":0,"13":0,"14":0,"16":0,"17":0,"18":0,"23":0,"24":0,"25":0,"26":0,"30":0,"32":0,"36":0}},
"D:\\Telerik-HW\\JavaScript-HW-2017\\5_NodeJS\\Demo-6July-Structure\\app\\index.js":{"path":"D:\\Telerik-HW\\JavaScript-HW-2017\\5_NodeJS\\Demo-6July-Structure\\app\\index.js","s":{"1":0},"b":{},"f":{},"fnMap":{},"statementMap":{"1":{"start":{"line":1,"column":0},"end":{"line":1,"column":37}}},"branchMap":{},"l":{"1":0}},
"D:\\Telerik-HW\\JavaScript-HW-2017\\5_NodeJS\\Demo-6July-Structure\\app\\routers\\index.js":{"path":"D:\\Telerik-HW\\JavaScript-HW-2017\\5_NodeJS\\Demo-6July-Structure\\app\\routers\\index.js","s":{"1":0},"b":{},"f":{},"fnMap":{},"statementMap":{"1":{"start":{"line":1,"column":0},"end":{"line":1,"column":38}}},"branchMap":{},"l":{"1":0}},
"D:\\Telerik-HW\\JavaScript-HW-2017\\5_NodeJS\\Demo-6July-Structure\\app\\routers\\items.router.js":{"path":"D:\\Telerik-HW\\JavaScript-HW-2017\\5_NodeJS\\Demo-6July-Structure\\app\\routers\\items.router.js","s":{"1":0,"2":0,"3":0,"4":0,"5":0,"6":0,"7":0,"8":0,"9":0,"10":0,"11":0,"12":0,"13":0},"b":{},"f":{},"fnMap":{},"statementMap":{"1":{"start":{"line":1,"column":0},"end":{"line":28,"column":2}},"2":{"start":{"line":2,"column":4},"end":{"line":4,"column":7}},"3":{"start":{"line":3,"column":8},"end":{"line":3,"column":40}},"4":{"start":{"line":6,"column":4},"end":{"line":13,"column":7}},"5":{"start":{"line":7,"column":8},"end":{"line":12,"column":15}},"6":{"start":{"line":9,"column":16},"end":{"line":11,"column":19}},"7":{"start":{"line":15,"column":4},"end":{"line":27,"column":7}},"8":{"start":{"line":16,"column":8},"end":{"line":16,"column":30}},"9":{"start":{"line":18,"column":8},"end":{"line":26,"column":15}},"10":{"start":{"line":20,"column":16},"end":{"line":20,"column":59}},"11":{"start":{"line":24,"column":16},"end":{"line":24,"column":40}},"12":{"start":{"line":25,"column":16},"end":{"line":25,"column":51}},"13":{"start":{"line":30,"column":0},"end":{"line":30,"column":30}}},"branchMap":{},"l":{"1":0,"2":0,"3":0,"6":0,"7":0,"9":0,"15":0,"16":0,"18":0,"20":0,"24":0,"25":0,"30":0}},
"D:\\Telerik-HW\\JavaScript-HW-2017\\5_NodeJS\\Demo-6July-Structure\\app\\routers\\routers.js":{"path":"D:\\Telerik-HW\\JavaScript-HW-2017\\5_NodeJS\\Demo-6July-Structure\\app\\routers\\routers.js","s":{"1":0,"2":0,"3":0,"4":0,"5":0,"6":0,"7":0,"8":0,"9":0,"10":0},"b":{},"f":{},"fnMap":{},"statementMap":{"1":{"start":{"line":2,"column":0},"end":{"line":2,"column":25}},"2":{"start":{"line":3,"column":0},"end":{"line":3,"column":29}},"3":{"start":{"line":5,"column":0},"end":{"line":14,"column":2}},"4":{"start":{"line":6,"column":4},"end":{"line":8,"column":7}},"5":{"start":{"line":7,"column":8},"end":{"line":7,"column":34}},"6":{"start":{"line":10,"column":4},"end":{"line":13,"column":74}},"7":{"start":{"line":11,"column":26},"end":{"line":11,"column":52}},"8":{"start":{"line":12,"column":23},"end":{"line":12,"column":49}},"9":{"start":{"line":13,"column":33},"end":{"line":13,"column":72}},"10":{"start":{"line":16,"column":0},"end":{"line":16,"column":30}}},"branchMap":{},"l":{"2":0,"3":0,"5":0,"6":0,"7":0,"10":0,"11":0,"12":0,"13":0,"16":0}},
"D:\\Telerik-HW\\JavaScript-HW-2017\\5_NodeJS\\Demo-6July-Structure\\config\\config.js":{"path":"D:\\Telerik-HW\\JavaScript-HW-2017\\5_NodeJS\\Demo-6July-Structure\\config\\config.js","s":{"1":0,"2":0,"3":0},"b":{},"f":{},"fnMap":{},"statementMap":{"1":{"start":{"line":1,"column":0},"end":{"line":1,"column":18}},"2":{"start":{"line":2,"column":0},"end":{"line":2,"column":56}},"3":{"start":{"line":4,"column":0},"end":{"line":7,"column":2}}},"branchMap":{},"l":{"1":0,"2":0,"4":0}},
"D:\\Telerik-HW\\JavaScript-HW-2017\\5_NodeJS\\Demo-6July-Structure\\config\\index.js":{"path":"D:\\Telerik-HW\\JavaScript-HW-2017\\5_NodeJS\\Demo-6July-Structure\\config\\index.js","s":{"1":0},"b":{},"f":{},"fnMap":{},"statementMap":{"1":{"start":{"line":1,"column":0},"end":{"line":1,"column":37}}},"branchMap":{},"l":{"1":0}},
"D:\\Telerik-HW\\JavaScript-HW-2017\\5_NodeJS\\Demo-6July-Structure\\data\\data.js":{"path":"D:\\Telerik-HW\\JavaScript-HW-2017\\5_NodeJS\\Demo-6July-Structure\\data\\data.js","s":{"1":0,"2":0,"3":0,"4":0,"5":0},"b":{},"f":{},"fnMap":{},"statementMap":{"1":{"start":{"line":1,"column":0},"end":{"line":1,"column":42}},"2":{"start":{"line":2,"column":0},"end":{"line":2,"column":42}},"3":{"start":{"line":5,"column":0},"end":{"line":10,"column":2}},"4":{"start":{"line":6,"column":4},"end":{"line":9,"column":7}},"5":{"start":{"line":12,"column":0},"end":{"line":12,"column":26}}},"branchMap":{},"l":{"1":0,"2":0,"5":0,"6":0,"12":0}},
"D:\\Telerik-HW\\JavaScript-HW-2017\\5_NodeJS\\Demo-6July-Structure\\data\\index.js":{"path":"D:\\Telerik-HW\\JavaScript-HW-2017\\5_NodeJS\\Demo-6July-Structure\\data\\index.js","s":{"1":0},"b":{},"f":{},"fnMap":{},"statementMap":{"1":{"start":{"line":1,"column":0},"end":{"line":1,"column":35}}},"branchMap":{},"l":{"1":0}},
"D:\\Telerik-HW\\JavaScript-HW-2017\\5_NodeJS\\Demo-6July-Structure\\data\\items.data.js":{"path":"D:\\Telerik-HW\\JavaScript-HW-2017\\5_NodeJS\\Demo-6July-Structure\\data\\items.data.js","s":{"1":0,"2":0,"3":0,"4":0,"5":0},"b":{},"f":{"1":0,"2":0},"fnMap":{"1":{"name":"(anonymous_1)","line":5,"loc":{"start":{"line":5,"column":15},"end":{"line":5,"column":20}}},"2":{"name":"(anonymous_2)","line":10,"loc":{"start":{"line":10,"column":17},"end":{"line":10,"column":25}}}},"statementMap":{"1":{"start":{"line":1,"column":0},"end":{"line":1,"column":45}},"2":{"start":{"line":2,"column":0},"end":{"line":2,"column":45}},"3":{"start":{"line":7,"column":8},"end":{"line":7,"column":30}},"4":{"start":{"line":12,"column":8},"end":{"line":12,"column":42}},"5":{"start":{"line":20,"column":0},"end":{"line":20,"column":27}}},"branchMap":{},"l":{"1":0,"2":0,"7":0,"12":0,"20":0}},
"D:\\Telerik-HW\\JavaScript-HW-2017\\5_NodeJS\\Demo-6July-Structure\\data\\users.data.js":{"path":"D:\\Telerik-HW\\JavaScript-HW-2017\\5_NodeJS\\Demo-6July-Structure\\data\\users.data.js","s":{"1":0,"2":0,"3":0,"4":0,"5":0,"6":0,"7":0,"8":0,"9":0,"10":0},"b":{"1":[0,0],"2":[0,0]},"f":{"1":0,"2":0},"fnMap":{"1":{"name":"(anonymous_1)","line":5,"loc":{"start":{"line":5,"column":15},"end":{"line":5,"column":20}}},"2":{"name":"(anonymous_2)","line":9,"loc":{"start":{"line":9,"column":17},"end":{"line":9,"column":38}}}},"statementMap":{"1":{"start":{"line":1,"column":0},"end":{"line":1,"column":45}},"2":{"start":{"line":2,"column":0},"end":{"line":2,"column":45}},"3":{"start":{"line":6,"column":8},"end":{"line":6,"column":24}},"4":{"start":{"line":10,"column":8},"end":{"line":24,"column":15}},"5":{"start":{"line":16,"column":16},"end":{"line":18,"column":17}},"6":{"start":{"line":17,"column":20},"end":{"line":17,"column":52}},"7":{"start":{"line":19,"column":16},"end":{"line":21,"column":17}},"8":{"start":{"line":20,"column":20},"end":{"line":20,"column":56}},"9":{"start":{"line":23,"column":16},"end":{"line":23,"column":28}},"10":{"start":{"line":28,"column":0},"end":{"line":28,"column":27}}},"branchMap":{"1":{"line":16,"type":"if","locations":[{"start":{"line":16,"column":16},"end":{"line":16,"column":16}},{"start":{"line":16,"column":16},"end":{"line":16,"column":16}}]},"2":{"line":19,"type":"if","locations":[{"start":{"line":19,"column":16},"end":{"line":19,"column":16}},{"start":{"line":19,"column":16},"end":{"line":19,"column":16}}]}},"l":{"1":0,"2":0,"6":0,"10":0,"16":0,"17":0,"19":0,"20":0,"23":0,"28":0}},
"D:\\Telerik-HW\\JavaScript-HW-2017\\5_NodeJS\\Demo-6July-Structure\\data\\base\\base.data.js":{"path":"D:\\Telerik-HW\\JavaScript-HW-2017\\5_NodeJS\\Demo-6July-Structure\\data\\base\\base.data.js","s":{"1":2,"2":2,"3":2,"4":2,"5":2,"6":2,"7":2,"8":2,"9":2,"10":1,"11":1,"12":4,"13":2,"14":0,"15":0,"16":0,"17":0,"18":0,"19":2,"20":1},"b":{"1":[1,1],"2":[0,0]},"f":{"1":2,"2":2,"3":0,"4":0,"5":2},"fnMap":{"1":{"name":"(anonymous_1)","line":2,"loc":{"start":{"line":2,"column":15},"end":{"line":2,"column":43}}},"2":{"name":"(anonymous_2)","line":9,"loc":{"start":{"line":9,"column":10},"end":{"line":9,"column":13}}},"3":{"name":"(anonymous_3)","line":30,"loc":{"start":{"line":30,"column":10},"end":{"line":30,"column":18}}},"4":{"name":"(anonymous_4)","line":40,"loc":{"start":{"line":40,"column":17},"end":{"line":40,"column":25}}},"5":{"name":"(anonymous_5)","line":44,"loc":{"start":{"line":44,"column":22},"end":{"line":44,"column":25}}}},"statementMap":{"1":{"start":{"line":3,"column":8},"end":{"line":3,"column":21}},"2":{"start":{"line":4,"column":8},"end":{"line":4,"column":37}},"3":{"start":{"line":5,"column":8},"end":{"line":5,"column":35}},"4":{"start":{"line":6,"column":8},"end":{"line":6,"column":56}},"5":{"start":{"line":7,"column":8},"end":{"line":7,"column":66}},"6":{"start":{"line":10,"column":8},"end":{"line":10,"column":26}},"7":{"start":{"line":11,"column":8},"end":{"line":11,"column":27}},"8":{"start":{"line":12,"column":8},"end":{"line":14,"column":23}},"9":{"start":{"line":18,"column":8},"end":{"line":24,"column":9}},"10":{"start":{"line":19,"column":12},"end":{"line":23,"column":15}},"11":{"start":{"line":20,"column":16},"end":{"line":22,"column":45}},"12":{"start":{"line":21,"column":36},"end":{"line":22,"column":43}},"13":{"start":{"line":25,"column":8},"end":{"line":25,"column":22}},"14":{"start":{"line":32,"column":8},"end":{"line":34,"column":9}},"15":{"start":{"line":33,"column":12},"end":{"line":33,"column":51}},"16":{"start":{"line":36,"column":8},"end":{"line":37,"column":60}},"17":{"start":{"line":37,"column":24},"end":{"line":37,"column":58}},"18":{"start":{"line":41,"column":8},"end":{"line":41,"column":45}},"19":{"start":{"line":45,"column":8},"end":{"line":45,"column":56}},"20":{"start":{"line":49,"column":0},"end":{"line":49,"column":26}}},"branchMap":{"1":{"line":18,"type":"if","locations":[{"start":{"line":18,"column":8},"end":{"line":18,"column":8}},{"start":{"line":18,"column":8},"end":{"line":18,"column":8}}]},"2":{"line":32,"type":"if","locations":[{"start":{"line":32,"column":8},"end":{"line":32,"column":8}},{"start":{"line":32,"column":8},"end":{"line":32,"column":8}}]}},"l":{"3":2,"4":2,"5":2,"6":2,"7":2,"10":2,"11":2,"12":2,"18":2,"19":1,"20":1,"21":4,"25":2,"32":0,"33":0,"36":0,"37":0,"41":0,"45":2,"49":1}},
"D:\\Telerik-HW\\JavaScript-HW-2017\\5_NodeJS\\Demo-6July-Structure\\db\\db.js":{"path":"D:\\Telerik-HW\\JavaScript-HW-2017\\5_NodeJS\\Demo-6July-Structure\\db\\db.js","s":{"1":0,"2":0,"3":0,"4":0},"b":{},"f":{},"fnMap":{},"statementMap":{"1":{"start":{"line":1,"column":0},"end":{"line":1,"column":43}},"2":{"start":{"line":3,"column":0},"end":{"line":5,"column":2}},"3":{"start":{"line":4,"column":4},"end":{"line":4,"column":49}},"4":{"start":{"line":7,"column":0},"end":{"line":7,"column":26}}},"branchMap":{},"l":{"1":0,"3":0,"4":0,"7":0}},
"D:\\Telerik-HW\\JavaScript-HW-2017\\5_NodeJS\\Demo-6July-Structure\\db\\index.js":{"path":"D:\\Telerik-HW\\JavaScript-HW-2017\\5_NodeJS\\Demo-6July-Structure\\db\\index.js","s":{"1":0},"b":{},"f":{},"fnMap":{},"statementMap":{"1":{"start":{"line":1,"column":0},"end":{"line":1,"column":33}}},"branchMap":{},"l":{"1":0}},
"D:\\Telerik-HW\\JavaScript-HW-2017\\5_NodeJS\\Demo-6July-Structure\\models\\item.model.js":{"path":"D:\\Telerik-HW\\JavaScript-HW-2017\\5_NodeJS\\Demo-6July-Structure\\models\\item.model.js","s":{"1":0,"2":0,"3":0,"4":0,"5":0,"6":0,"7":0},"b":{"1":[0,0,0]},"f":{"1":0,"2":0,"3":0,"4":0},"fnMap":{"1":{"name":"(anonymous_1)","line":2,"loc":{"start":{"line":2,"column":18},"end":{"line":2,"column":26}}},"2":{"name":"(anonymous_2)","line":11,"loc":{"start":{"line":11,"column":10},"end":{"line":11,"column":13}}},"3":{"name":"(anonymous_3)","line":15,"loc":{"start":{"line":15,"column":22},"end":{"line":15,"column":30}}},"4":{"name":"(anonymous_4)","line":24,"loc":{"start":{"line":24,"column":24},"end":{"line":24,"column":36}}}},"statementMap":{"1":{"start":{"line":6,"column":8},"end":{"line":8,"column":34}},"2":{"start":{"line":12,"column":8},"end":{"line":12,"column":24}},"3":{"start":{"line":16,"column":8},"end":{"line":16,"column":37}},"4":{"start":{"line":17,"column":8},"end":{"line":20,"column":15}},"5":{"start":{"line":19,"column":16},"end":{"line":19,"column":46}},"6":{"start":{"line":21,"column":8},"end":{"line":21,"column":25}},"7":{"start":{"line":29,"column":0},"end":{"line":29,"column":22}}},"branchMap":{"1":{"line":6,"type":"binary-expr","locations":[{"start":{"line":6,"column":15},"end":{"line":6,"column":43}},{"start":{"line":7,"column":12},"end":{"line":7,"column":42}},{"start":{"line":8,"column":12},"end":{"line":8,"column":33}}]}},"l":{"6":0,"12":0,"16":0,"17":0,"19":0,"21":0,"29":0}},
"D:\\Telerik-HW\\JavaScript-HW-2017\\5_NodeJS\\Demo-6July-Structure\\models\\user.model.js":{"path":"D:\\Telerik-HW\\JavaScript-HW-2017\\5_NodeJS\\Demo-6July-Structure\\models\\user.model.js","s":{"1":0},"b":{},"f":{},"fnMap":{},"statementMap":{"1":{"start":{"line":5,"column":0},"end":{"line":5,"column":22}}},"branchMap":{},"l":{"5":0}}}
