TN:
SF:D:\Telerik-HW\JavaScript-HW-2017\5_NodeJS\Demo-6July-Structure\server.js
FNF:0
FNH:0
DA:12,0
DA:13,0
DA:16,0
DA:18,0
DA:19,0
DA:20,0
DA:22,0
DA:23,0
LF:8
LH:0
BRF:0
BRH:0
end_of_record
TN:
SF:D:\Telerik-HW\JavaScript-HW-2017\5_NodeJS\Demo-6July-Structure\app\app.js
FNF:0
FNH:0
DA:2,0
DA:3,0
DA:4,0
DA:5,0
DA:6,0
DA:8,0
DA:9,0
DA:12,0
DA:13,0
DA:14,0
DA:16,0
DA:17,0
DA:18,0
DA:23,0
DA:24,0
DA:25,0
DA:26,0
DA:30,0
DA:32,0
DA:36,0
LF:20
LH:0
BRF:0
BRH:0
end_of_record
TN:
SF:D:\Telerik-HW\JavaScript-HW-2017\5_NodeJS\Demo-6July-Structure\app\index.js
FNF:0
FNH:0
DA:1,0
LF:1
LH:0
BRF:0
BRH:0
end_of_record
TN:
SF:D:\Telerik-HW\JavaScript-HW-2017\5_NodeJS\Demo-6July-Structure\app\routers\index.js
FNF:0
FNH:0
DA:1,0
LF:1
LH:0
BRF:0
BRH:0
end_of_record
TN:
SF:D:\Telerik-HW\JavaScript-HW-2017\5_NodeJS\Demo-6July-Structure\app\routers\items.router.js
FNF:0
FNH:0
DA:1,0
DA:2,0
DA:3,0
DA:6,0
DA:7,0
DA:9,0
DA:15,0
DA:16,0
DA:18,0
DA:20,0
DA:24,0
DA:25,0
DA:30,0
LF:13
LH:0
BRF:0
BRH:0
end_of_record
TN:
SF:D:\Telerik-HW\JavaScript-HW-2017\5_NodeJS\Demo-6July-Structure\app\routers\routers.js
FNF:0
FNH:0
DA:2,0
DA:3,0
DA:5,0
DA:6,0
DA:7,0
DA:10,0
DA:11,0
DA:12,0
DA:13,0
DA:16,0
LF:10
LH:0
BRF:0
BRH:0
end_of_record
TN:
SF:D:\Telerik-HW\JavaScript-HW-2017\5_NodeJS\Demo-6July-Structure\config\config.js
FNF:0
FNH:0
DA:1,0
DA:2,0
DA:4,0
LF:3
LH:0
BRF:0
BRH:0
end_of_record
TN:
SF:D:\Telerik-HW\JavaScript-HW-2017\5_NodeJS\Demo-6July-Structure\config\index.js
FNF:0
FNH:0
DA:1,0
LF:1
LH:0
BRF:0
BRH:0
end_of_record
TN:
SF:D:\Telerik-HW\JavaScript-HW-2017\5_NodeJS\Demo-6July-Structure\data\data.js
FNF:0
FNH:0
DA:1,0
DA:2,0
DA:5,0
DA:6,0
DA:12,0
LF:5
LH:0
BRF:0
BRH:0
end_of_record
TN:
SF:D:\Telerik-HW\JavaScript-HW-2017\5_NodeJS\Demo-6July-Structure\data\index.js
FNF:0
FNH:0
DA:1,0
LF:1
LH:0
BRF:0
BRH:0
end_of_record
TN:
SF:D:\Telerik-HW\JavaScript-HW-2017\5_NodeJS\Demo-6July-Structure\data\items.data.js
FN:5,(anonymous_1)
FN:10,(anonymous_2)
FNF:2
FNH:0
FNDA:0,(anonymous_1)
FNDA:0,(anonymous_2)
DA:1,0
DA:2,0
DA:7,0
DA:12,0
DA:20,0
LF:5
LH:0
BRF:0
BRH:0
end_of_record
TN:
SF:D:\Telerik-HW\JavaScript-HW-2017\5_NodeJS\Demo-6July-Structure\data\users.data.js
FN:5,(anonymous_1)
FN:9,(anonymous_2)
FNF:2
FNH:0
FNDA:0,(anonymous_1)
FNDA:0,(anonymous_2)
DA:1,0
DA:2,0
DA:6,0
DA:10,0
DA:16,0
DA:17,0
DA:19,0
DA:20,0
DA:23,0
DA:28,0
LF:10
LH:0
BRDA:16,1,0,0
BRDA:16,1,1,0
BRDA:19,2,0,0
BRDA:19,2,1,0
BRF:4
BRH:0
end_of_record
TN:
SF:D:\Telerik-HW\JavaScript-HW-2017\5_NodeJS\Demo-6July-Structure\data\base\base.data.js
FN:2,(anonymous_1)
FN:9,(anonymous_2)
FN:30,(anonymous_3)
FN:40,(anonymous_4)
FN:44,(anonymous_5)
FNF:5
FNH:3
FNDA:2,(anonymous_1)
FNDA:2,(anonymous_2)
FNDA:0,(anonymous_3)
FNDA:0,(anonymous_4)
FNDA:2,(anonymous_5)
DA:3,2
DA:4,2
DA:5,2
DA:6,2
DA:7,2
DA:10,2
DA:11,2
DA:12,2
DA:18,2
DA:19,1
DA:20,1
DA:21,4
DA:25,2
DA:32,0
DA:33,0
DA:36,0
DA:37,0
DA:41,0
DA:45,2
DA:49,1
LF:20
LH:15
BRDA:18,1,0,1
BRDA:18,1,1,1
BRDA:32,2,0,0
BRDA:32,2,1,0
BRF:4
BRH:2
end_of_record
TN:
SF:D:\Telerik-HW\JavaScript-HW-2017\5_NodeJS\Demo-6July-Structure\db\db.js
FNF:0
FNH:0
DA:1,0
DA:3,0
DA:4,0
DA:7,0
LF:4
LH:0
BRF:0
BRH:0
end_of_record
TN:
SF:D:\Telerik-HW\JavaScript-HW-2017\5_NodeJS\Demo-6July-Structure\db\index.js
FNF:0
FNH:0
DA:1,0
LF:1
LH:0
BRF:0
BRH:0
end_of_record
TN:
SF:D:\Telerik-HW\JavaScript-HW-2017\5_NodeJS\Demo-6July-Structure\models\item.model.js
FN:2,(anonymous_1)
FN:11,(anonymous_2)
FN:15,(anonymous_3)
FN:24,(anonymous_4)
FNF:4
FNH:0
FNDA:0,(anonymous_1)
FNDA:0,(anonymous_2)
FNDA:0,(anonymous_3)
FNDA:0,(anonymous_4)
DA:6,0
DA:12,0
DA:16,0
DA:17,0
DA:19,0
DA:21,0
DA:29,0
LF:7
LH:0
BRDA:6,1,0,0
BRDA:6,1,1,0
BRDA:6,1,2,0
BRF:3
BRH:0
end_of_record
TN:
SF:D:\Telerik-HW\JavaScript-HW-2017\5_NodeJS\Demo-6July-Structure\models\user.model.js
FNF:0
FNH:0
DA:5,0
LF:1
LH:0
BRF:0
BRH:0
end_of_record
